Build started 6/22/2012 7:05:16 PM.
     1>Project "C:\AlexProjects\support\terra\depot\main\sw\advtech\tools\opencl_emu\SDKUtil\SDKUtil.vcxproj" on node 2 (rebuild target(s)).
     1>_PrepareForClean:
         Deleting file "build\debug\x86\SDKUtil.lastbuildstate".
       InitializeBuildStatus:
         Creating "build\debug\x86\SDKUtil.unsuccessfulbuild" because "AlwaysCreate" was specified.
       ClCompile:
         c:\Program Files (x86)\Microsoft Visual Studio 10.0\VC\bin\CL.exe /c /I"C:\Program Files (x86)\AMD APP\\include" /IC:\AlexProjects\support\terra\depot\main\sw\advtech\tools\opencl_emu\include /ZI /nologo /W3 /WX- /Od /Oy- /D WIN32 /D _DEBUG /D _CONSOLE /D _CRT_SECURE_NO_WARNINGS /Gm /EHsc /RTC1 /MTd /GS /fp:precise /Zc:wchar_t /Zc:forScope /Fo"build\debug\x86\\" /Fd"build\debug\x86\vc100.pdb" /Gd /TP /analyze- /errorReport:prompt SDKApplication.cpp SDKBitMap.cpp SDKCommandArgs.cpp SDKCommon.cpp SDKFile.cpp
         SDKFile.cpp
     1>c:\alexprojects\support\terra\depot\main\sw\advtech\tools\opencl_emu\sdkutil\sdkfile.cpp(91): warning C4244: '=' : conversion from 'std::streamoff' to 'size_t', possible loss of data
         SDKCommon.cpp
     1>c:\alexprojects\support\terra\depot\main\sw\advtech\tools\opencl_emu\sdkutil\sdkcommon.cpp(634): warning C4244: '=' : conversion from 'std::streamoff' to 'size_t', possible loss of data
         SDKCommandArgs.cpp
         SDKBitMap.cpp
         SDKApplication.cpp
         Generating Code...
       Lib:
         c:\Program Files (x86)\Microsoft Visual Studio 10.0\VC\bin\Lib.exe /OUT:"C:\AlexProjects\support\terra\depot\main\sw\advtech\tools\opencl_emu\lib\debug\x86\SDKUtil.lib" /NOLOGO build\debug\x86\SDKApplication.obj
         build\debug\x86\SDKBitMap.obj
         build\debug\x86\SDKCommandArgs.obj
         build\debug\x86\SDKCommon.obj
         build\debug\x86\SDKFile.obj
         SDKUtil.vcxproj -> C:\AlexProjects\support\terra\depot\main\sw\advtech\tools\opencl_emu\lib\debug\x86\SDKUtil.lib
       FinalizeBuildStatus:
         Deleting file "build\debug\x86\SDKUtil.unsuccessfulbuild".
         Touching "build\debug\x86\SDKUtil.lastbuildstate".
     1>Done Building Project "C:\AlexProjects\support\terra\depot\main\sw\advtech\tools\opencl_emu\SDKUtil\SDKUtil.vcxproj" (rebuild target(s)).

Build succeeded.

Time Elapsed 00:00:19.25
